<?xml version="1.0" encoding="UTF-8"?>
<testsuite name="org.example.ValidationUtilsTest" tests="14" skipped="0" failures="0" errors="0" timestamp="2026-03-20T16:15:21.122Z" hostname="localhost.localdomain" time="0.078">
  <properties/>
  <testcase name="testRequireNonNullValid()" classname="org.example.ValidationUtilsTest" time="0.028"/>
  <testcase name="testInvalidUsername()" classname="org.example.ValidationUtilsTest" time="0.002"/>
  <testcase name="testInvalidDate()" classname="org.example.ValidationUtilsTest" time="0.005"/>
  <testcase name="testValidEmail()" classname="org.example.ValidationUtilsTest" time="0.004"/>
  <testcase name="testValidDate()" classname="org.example.ValidationUtilsTest" time="0.005"/>
  <testcase name="testRequireNonEmptyNull()" classname="org.example.ValidationUtilsTest" time="0.003"/>
  <testcase name="testNormalizeStringLower()" classname="org.example.ValidationUtilsTest" time="0.003"/>
  <testcase name="testNormalizeStringUpper()" classname="org.example.ValidationUtilsTest" time="0.001"/>
  <testcase name="testRequireNonNullNull()" classname="org.example.ValidationUtilsTest" time="0.002"/>
  <testcase name="testValidUsername()" classname="org.example.ValidationUtilsTest" time="0.001"/>
  <testcase name="testNormalizeString()" classname="org.example.ValidationUtilsTest" time="0.002"/>
  <testcase name="testInvalidEmail()" classname="org.example.ValidationUtilsTest" time="0.001"/>
  <testcase name="testRequireNonEmptyEmpty()" classname="org.example.ValidationUtilsTest" time="0.002"/>
  <testcase name="testRequireNonEmptyValid()" classname="org.example.ValidationUtilsTest" time="0.002"/>
  <system-out><![CDATA[]]></system-out>
  <system-err><![CDATA[]]></system-err>
</testsuite>
