<?xml version="1.0" encoding="UTF-8"?>
<testsuite name="org.example.CommandTest" tests="14" skipped="0" failures="0" errors="0" timestamp="2026-03-20T15:54:31.167Z" hostname="localhost.localdomain" time="0.309">
  <properties/>
  <testcase name="testHasCommand()" classname="org.example.CommandTest" time="0.076"/>
  <testcase name="testUserListCommand()" classname="org.example.CommandTest" time="0.011"/>
  <testcase name="testPrintHelp()" classname="org.example.CommandTest" time="0.037"/>
  <testcase name="testCommandCaseInsensitive()" classname="org.example.CommandTest" time="0.008"/>
  <testcase name="testParseAndExecuteUnknownCommand()" classname="org.example.CommandTest" time="0.014"/>
  <testcase name="testPermissionsUserCommand()" classname="org.example.CommandTest" time="0.008"/>
  <testcase name="testRegisterCommandNullName()" classname="org.example.CommandTest" time="0.011"/>
  <testcase name="testRegisterCommand()" classname="org.example.CommandTest" time="0.01"/>
  <testcase name="testStatsCommand()" classname="org.example.CommandTest" time="0.044"/>
  <testcase name="testRegisterCommandNullCommand()" classname="org.example.CommandTest" time="0.009"/>
  <testcase name="testParseAndExecuteEmptyInput()" classname="org.example.CommandTest" time="0.007"/>
  <testcase name="testRoleListCommand()" classname="org.example.CommandTest" time="0.013"/>
  <testcase name="testAssignmentListCommand()" classname="org.example.CommandTest" time="0.012"/>
  <testcase name="testHelpCommand()" classname="org.example.CommandTest" time="0.021"/>
  <system-out><![CDATA[=== Инициализация RBAC-системы ===
Система инициализирована успешно!
=== Статистика RBAC-системы ===
Пользователей: 1
Ролей: 3
Назначений: 1
Записей в аудите: 1
Активных назначений: 1
Просроченных назначений: 0
Текущий пользователь: admin

=== Инициализация RBAC-системы ===
Система инициализирована успешно!
=== Статистика RBAC-системы ===
Пользователей: 1
Ролей: 3
Назначений: 1
Записей в аудите: 1
Активных назначений: 1
Просроченных назначений: 0
Текущий пользователь: admin

+----------+----------------------+--------------------+
| Username | Full Name            | Email              |
+----------+----------------------+--------------------+
| admin    | System Administrator | admin@system.local |
+----------+----------------------+--------------------+
Всего: 1
=== Инициализация RBAC-системы ===
Система инициализирована успешно!
=== Статистика RBAC-системы ===
Пользователей: 1
Ролей: 3
Назначений: 1
Записей в аудите: 1
Активных назначений: 1
Просроченных назначений: 0
Текущий пользователь: admin


=== Доступные команды ===
  report-users           — Отчёт по пользователям с ролями
  user-delete            — Удалить пользователя
  role-search            — Поиск ролей
  assignment-list        — Список всех назначений
  assignment-list-user   — Назначения конкретного пользователя
  save                   — Сохранить данные в файл
  user-update            — Обновить данные пользователя
  permissions-check      — Проверить право пользователя
  assign-role            — Назначить роль пользователю
  load                   — Загрузить данные из файла
  assignment-list-role   — Пользователи с конкретной ролью
  stats                  — Статистика системы
  user-search            — Поиск пользователей по фильтрам
  role-list              — Вывести список всех ролей
  user-list              — Вывести список всех пользователей
  user-create            — Создать нового пользователя
  user-view              — Просмотр информации о пользователе
  role-view              — Просмотр роли
  role-update            — Обновить роль
  assignment-search      — Поиск назначений по фильтрам
  revoke-role            — Отозвать роль у пользователя
  permissions-user       — Все права конкретного пользователя
  report-roles           — Отчёт по ролям с количеством пользователей
  role-delete            — Удалить роль
  report-matrix          — Матрица прав доступа (пользователи × ресурсы)
  clear                  — Очистить экран
  role-add-permission    — Добавить право к роли
  assignment-active      — Только активные назначения
  role-create            — Создать новую роль
  help                   — Справка по командам
  exit                   — Выход из программы
  assignment-expired     — Истёкшие временные назначения
  role-remove-permission — Удалить право из роли
  audit-log              — Просмотр лога аудита
  assignment-extend      — Продлить временное назначение

=== Инициализация RBAC-системы ===
Система инициализирована успешно!
=== Статистика RBAC-системы ===
Пользователей: 1
Ролей: 3
Назначений: 1
Записей в аудите: 1
Активных назначений: 1
Просроченных назначений: 0
Текущий пользователь: admin

=== Инициализация RBAC-системы ===
Система инициализирована успешно!
=== Статистика RBAC-системы ===
Пользователей: 1
Ролей: 3
Назначений: 1
Записей в аудите: 1
Активных назначений: 1
Просроченных назначений: 0
Текущий пользователь: admin

Неизвестная команда: unknown-command
Введите 'help' для списка доступных команд
=== Инициализация RBAC-системы ===
Система инициализирована успешно!
=== Статистика RBAC-системы ===
Пользователей: 1
Ролей: 3
Назначений: 1
Записей в аудите: 1
Активных назначений: 1
Просроченных назначений: 0
Текущий пользователь: admin

Username: Ошибка выполнения команды: No line found
=== Инициализация RBAC-системы ===
Система инициализирована успешно!
=== Статистика RBAC-системы ===
Пользователей: 1
Ролей: 3
Назначений: 1
Записей в аудите: 1
Активных назначений: 1
Просроченных назначений: 0
Текущий пользователь: admin

=== Инициализация RBAC-системы ===
Система инициализирована успешно!
=== Статистика RBAC-системы ===
Пользователей: 1
Ролей: 3
Назначений: 1
Записей в аудите: 1
Активных назначений: 1
Просроченных назначений: 0
Текущий пользователь: admin

=== Инициализация RBAC-системы ===
Система инициализирована успешно!
=== Статистика RBAC-системы ===
Пользователей: 1
Ролей: 3
Назначений: 1
Записей в аудите: 1
Активных назначений: 1
Просроченных назначений: 0
Текущий пользователь: admin


=== Статистика RBAC-системы ===
Пользователей: 1
Ролей: 3
Назначений: 1
Записей в аудите: 1
Активных назначений: 1
Просроченных назначений: 0
Текущий пользователь: admin

Назначений: 1 (активных: 1, истёкших: 0)
Среднее назначений на пользователя: 1,00

Топ-3 ролей по назначениям:
  Admin: 1
=== Инициализация RBAC-системы ===
Система инициализирована успешно!
=== Статистика RBAC-системы ===
Пользователей: 1
Ролей: 3
Назначений: 1
Записей в аудите: 1
Активных назначений: 1
Просроченных назначений: 0
Текущий пользователь: admin

=== Инициализация RBAC-системы ===
Система инициализирована успешно!
=== Статистика RBAC-системы ===
Пользователей: 1
Ролей: 3
Назначений: 1
Записей в аудите: 1
Активных назначений: 1
Просроченных назначений: 0
Текущий пользователь: admin

=== Инициализация RBAC-системы ===
Система инициализирована успешно!
=== Статистика RBAC-системы ===
Пользователей: 1
Ролей: 3
Назначений: 1
Записей в аудите: 1
Активных назначений: 1
Просроченных назначений: 0
Текущий пользователь: admin

+---------+---------------------------+-------------+
| Name    | Description               | Permissions |
+---------+---------------------------+-------------+
| Viewer  | Только просмотр           | 3           |
| Manager | Управление пользователями | 4           |
| Admin   | Полный доступ к системе   | 7           |
+---------+---------------------------+-------------+
=== Инициализация RBAC-системы ===
Система инициализирована успешно!
=== Статистика RBAC-системы ===
Пользователей: 1
Ролей: 3
Назначений: 1
Записей в аудите: 1
Активных назначений: 1
Просроченных назначений: 0
Текущий пользователь: admin


=== Назначения ===
User            Role                 Type            Status     Assigned At         
================================================================================
admin           Admin                PERMANENT       ACTIVE     2026-03-20 22:54:31 
admin           Admin                PERMANENT       ACTIVE     2026-03-20 22:54:31 
=== Инициализация RBAC-системы ===
Система инициализирована успешно!
=== Статистика RBAC-системы ===
Пользователей: 1
Ролей: 3
Назначений: 1
Записей в аудите: 1
Активных назначений: 1
Просроченных назначений: 0
Текущий пользователь: admin


=== Доступные команды ===
  report-users           — Отчёт по пользователям с ролями
  user-delete            — Удалить пользователя
  role-search            — Поиск ролей
  assignment-list        — Список всех назначений
  assignment-list-user   — Назначения конкретного пользователя
  save                   — Сохранить данные в файл
  user-update            — Обновить данные пользователя
  permissions-check      — Проверить право пользователя
  assign-role            — Назначить роль пользователю
  load                   — Загрузить данные из файла
  assignment-list-role   — Пользователи с конкретной ролью
  stats                  — Статистика системы
  user-search            — Поиск пользователей по фильтрам
  role-list              — Вывести список всех ролей
  user-list              — Вывести список всех пользователей
  user-create            — Создать нового пользователя
  user-view              — Просмотр информации о пользователе
  role-view              — Просмотр роли
  role-update            — Обновить роль
  assignment-search      — Поиск назначений по фильтрам
  revoke-role            — Отозвать роль у пользователя
  permissions-user       — Все права конкретного пользователя
  report-roles           — Отчёт по ролям с количеством пользователей
  role-delete            — Удалить роль
  report-matrix          — Матрица прав доступа (пользователи × ресурсы)
  clear                  — Очистить экран
  role-add-permission    — Добавить право к роли
  assignment-active      — Только активные назначения
  role-create            — Создать новую роль
  help                   — Справка по командам
  exit                   — Выход из программы
  assignment-expired     — Истёкшие временные назначения
  role-remove-permission — Удалить право из роли
  audit-log              — Просмотр лога аудита
  assignment-extend      — Продлить временное назначение

]]></system-out>
  <system-err><![CDATA[]]></system-err>
</testsuite>
