<?xml version="1.0" encoding="UTF-8"?>
<testsuite name="org.example.SchedulerTest" tests="4" skipped="0" failures="0" errors="0" timestamp="2026-04-12T18:06:12.343Z" hostname="localhost.localdomain" time="13.195">
  <properties/>
  <testcase name="testExpiredAssignmentsDetection()" classname="org.example.SchedulerTest" time="1.113"/>
  <testcase name="testShutdownStopsScheduler()" classname="org.example.SchedulerTest" time="0.04"/>
  <testcase name="testSchedulerExists()" classname="org.example.SchedulerTest" time="0.023"/>
  <testcase name="testActiveAssignmentNotMarkedExpired()" classname="org.example.SchedulerTest" time="12.008"/>
  <system-out><![CDATA[=== Инициализация RBAC-системы ===
Система инициализирована успешно!
=== Статистика RBAC-системы ===
Пользователей: 1
Ролей: 3
Назначений: 1
Записей в аудите: 1
Активных назначений: 1
Просроченных назначений: 0
Текущий пользователь: admin


Остановка фоновых задач...
Планировщик остановлен корректно
Система остановлена.
=== Инициализация RBAC-системы ===
Система инициализирована успешно!
=== Статистика RBAC-системы ===
Пользователей: 1
Ролей: 3
Назначений: 1
Записей в аудите: 1
Активных назначений: 1
Просроченных назначений: 0
Текущий пользователь: admin


Остановка фоновых задач...
Планировщик остановлен корректно
Система остановлена.

Остановка фоновых задач...
Система остановлена.
=== Инициализация RBAC-системы ===
Система инициализирована успешно!
=== Статистика RBAC-системы ===
Пользователей: 1
Ролей: 3
Назначений: 1
Записей в аудите: 1
Активных назначений: 1
Просроченных назначений: 0
Текущий пользователь: admin


Остановка фоновых задач...
Планировщик остановлен корректно
Система остановлена.
=== Инициализация RBAC-системы ===
Система инициализирована успешно!
=== Статистика RBAC-системы ===
Пользователей: 1
Ролей: 3
Назначений: 1
Записей в аудите: 1
Активных назначений: 1
Просроченных назначений: 0
Текущий пользователь: admin


Остановка фоновых задач...
Планировщик остановлен корректно
Система остановлена.
]]></system-out>
  <system-err><![CDATA[]]></system-err>
</testsuite>
